<?xml version="1.0" encoding="UTF-8"?>
<!-- Generated by org.testng.reporters.JUnitReportReporter -->
<testsuite skipped="0" hostname="hchatha-pk" name="testCases.Test1" tests="1" failures="0" timestamp="07 May 2020 00:17:00 GMT" time="0.018" errors="0">
  <testcase name="test_login" time="0.018" classname="testCases.Test1"/>
</testsuite> <!-- testCases.Test1 -->
